[debug] [2025-05-29T19:57:54.507Z] ----------------------------------------------------------------------
[debug] [2025-05-29T19:57:54.510Z] Command:       C:\Program Files\nodejs\node.exe C:\Users\guizu\AppData\Roaming\npm\node_modules\firebase-tools\lib\bin\firebase.js init
[debug] [2025-05-29T19:57:54.510Z] CLI Version:   14.4.0
[debug] [2025-05-29T19:57:54.510Z] Platform:      win32
[debug] [2025-05-29T19:57:54.510Z] Node Version:  v20.14.0
[debug] [2025-05-29T19:57:54.510Z] Time:          Thu May 29 2025 16:57:54 GMT-0300 (Horário Padrão de Brasília)
[debug] [2025-05-29T19:57:54.511Z] ----------------------------------------------------------------------
[debug] 
[debug] [2025-05-29T19:57:54.515Z] > command requires scopes: ["email","openid","https://www.googleapis.com/auth/cloudplatformprojects.readonly","https://www.googleapis.com/auth/firebase","https://www.googleapis.com/auth/cloud-platform"]
[debug] [2025-05-29T19:57:54.516Z] > authorizing via signed-in user (guiguiben100000@gmail.com)
[info] 
     ######## #### ########  ######## ########     ###     ######  ########
     ##        ##  ##     ## ##       ##     ##  ##   ##  ##       ##
     ######    ##  ########  ######   ########  #########  ######  ######
     ##        ##  ##    ##  ##       ##     ## ##     ##       ## ##
     ##       #### ##     ## ######## ########  ##     ##  ######  ########

You're about to initialize a Firebase project in this directory:

  C:\Users\guizu\Downloads\TeamPetCare\petcare-app

[info] 
=== Project Setup
[info] 
[info] First, let's associate this project directory with a Firebase project.
[info] You can create multiple project aliases by running firebase use --add, 
[info] but for now we'll just set up a default project.
[info] 
[debug] [2025-05-29T19:58:03.492Z] Checked if tokens are valid: true, expires at: 1748552041547
[debug] [2025-05-29T19:58:03.493Z] Checked if tokens are valid: true, expires at: 1748552041547
[debug] [2025-05-29T19:58:03.497Z] >>> [apiv2][query] GET https://firebase.googleapis.com/v1beta1/projects pageSize=100
[debug] [2025-05-29T19:58:15.359Z] <<< [apiv2][status] GET https://firebase.googleapis.com/v1beta1/projects 200
[debug] [2025-05-29T19:58:15.359Z] <<< [apiv2][body] GET https://firebase.googleapis.com/v1beta1/projects [omitted]
[info] i  Using project fcm-petcare (FCM Petcare) 
[info] 
=== Emulators Setup
